<?xml version="1.0" encoding="UTF-8" standalone="yes"?><!DOCTYPE report PUBLIC "-//JACOCO//DTD Report 1.1//EN" "report.dtd"><report name="junit-assignment"><sessioninfo id="Bashiruls-Air-2.lan-510c55d1" start="1669674448989" dump="1669674449314"/><sessioninfo id="Bashiruls-Air-2.lan-77c7e9" start="1669674800437" dump="1669674800770"/><sessioninfo id="Bashiruls-Air-2.lan-e6aa9b20" start="1669674834492" dump="1669674834793"/><sessioninfo id="Bashiruls-Air-2.lan-74a396d0" start="1669674885528" dump="1669674885822"/><sessioninfo id="Bashiruls-Air-2.lan-dcaa6fb4" start="1669675200076" dump="1669675200428"/><sessioninfo id="Bashiruls-Air-2.lan-5e83a809" start="1669675293516" dump="1669675293872"/><sessioninfo id="Bashiruls-Air-2.lan-18c7c68b" start="1669675638451" dump="1669675638804"/><sessioninfo id="Bashiruls-Air-2.lan-1a63be55" start="1669676062357" dump="1669676062716"/><sessioninfo id="Bashiruls-Air-2.lan-2037eba4" start="1669676105074" dump="1669676105442"/><sessioninfo id="Bashiruls-Air-2.lan-4370c20b" start="1669676185772" dump="1669676186112"/><sessioninfo id="Bashiruls-Air-2.lan-3a33b309" start="1669676353371" dump="1669676353737"/><sessioninfo id="Bashiruls-Air-2.lan-17007b36" start="1669676973133" dump="1669676973490"/><sessioninfo id="Bashiruls-Air-2.lan-95d2323a" start="1669678019335" dump="1669678019692"/><sessioninfo id="Bashiruls-Air-2.lan-f739642c" start="1669678174527" dump="1669678174882"/><sessioninfo id="Bashiruls-Air-2.lan-bd2ce540" start="1669678357160" dump="1669678357506"/><sessioninfo id="Bashiruls-Air-2.lan-aebd654c" start="1669678426949" dump="1669678427281"/><sessioninfo id="Bashiruls-Air-2.lan-a7cfff84" start="1669678496749" dump="1669678497118"/><sessioninfo id="Bashiruls-Air-2.lan-382a114" start="1669678565643" dump="1669678566007"/><sessioninfo id="Bashiruls-Air-2.lan-8b18831d" start="1669678571905" dump="1669678572227"/><sessioninfo id="Bashiruls-Air-2.lan-4eecc139" start="1669679105140" dump="1669679105483"/><sessioninfo id="Bashiruls-Air-2.lan-106c94f2" start="1669679419645" dump="1669679420007"/><sessioninfo id="Bashiruls-Air-2.lan-1597a44e" start="1669679503978" dump="1669679504321"/><sessioninfo id="Bashiruls-Air-2.lan-46908803" start="1669679983490" dump="1669679983846"/><sessioninfo id="Bashiruls-Air-2.lan-9faa6312" start="1669680053183" dump="1669680053542"/><sessioninfo id="Bashiruls-Air-2.lan-cdf21fc0" start="1669680328860" dump="1669680329221"/><sessioninfo id="Bashiruls-Air-2.lan-d8fd9e8d" start="1669680482395" dump="1669680482740"/><sessioninfo id="Bashiruls-Air-2.lan-b002967b" start="1669680493741" dump="1669680494091"/><sessioninfo id="Bashiruls-Air-2.lan-5621acdc" start="1669680499002" dump="1669680499341"/><sessioninfo id="Bashiruls-Air-2.lan-9497fc5e" start="1670279675537" dump="1670279675901"/><sessioninfo id="Bashiruls-Air-2.lan-a39dc55a" start="1670280007533" dump="1670280007879"/><sessioninfo id="Bashiruls-Air-2.lan-f4f2b518" start="1670280085228" dump="1670280085612"/><sessioninfo id="Bashiruls-Air-2.lan-e853f5ec" start="1670280377865" dump="1670280378217"/><sessioninfo id="Bashiruls-Air-2.lan-344c7aaa" start="1670280499849" dump="1670280500195"/><sessioninfo id="Bashiruls-Air-2.lan-b5e2579e" start="1670281933078" dump="1670281933428"/><package name="SampleQueue"><class name="SampleQueue/Queue$Node" sourcefilename="Queue.java"><method name="&lt;init&gt;" desc="(LSampleQueue/Queue;)V" line="47"><counter type="INSTRUCTION" missed="0" covered="6"/><counter type="LINE" missed="0" covered="1"/><counter type="COMPLEXITY" missed="0" covered="1"/><counter type="METHOD" missed="0" covered="1"/></method><counter type="INSTRUCTION" missed="0" covered="6"/><counter type="LINE" missed="0" covered="1"/><counter type="COMPLEXITY" missed="0" covered="1"/><counter type="METHOD" missed="0" covered="1"/><counter type="CLASS" missed="0" covered="1"/></class><class name="SampleQueue/Queue" sourcefilename="Queue.java"><method name="&lt;init&gt;" desc="()V" line="55"><counter type="INSTRUCTION" missed="0" covered="15"/><counter type="LINE" missed="0" covered="6"/><counter type="COMPLEXITY" missed="0" covered="1"/><counter type="METHOD" missed="0" covered="1"/></method><method name="&lt;init&gt;" desc="(I)V" line="66"><counter type="INSTRUCTION" missed="0" covered="15"/><counter type="LINE" missed="0" covered="6"/><counter type="COMPLEXITY" missed="0" covered="1"/><counter type="METHOD" missed="0" covered="1"/></method><method name="isEmpty" desc="()Z" line="79"><counter type="INSTRUCTION" missed="0" covered="7"/><counter type="BRANCH" missed="0" covered="2"/><counter type="LINE" missed="0" covered="1"/><counter type="COMPLEXITY" missed="0" covered="2"/><counter type="METHOD" missed="0" covered="1"/></method><method name="size" desc="()I" line="88"><counter type="INSTRUCTION" missed="0" covered="3"/><counter type="LINE" missed="0" covered="1"/><counter type="COMPLEXITY" missed="0" covered="1"/><counter type="METHOD" missed="0" covered="1"/></method><method name="length" desc="()I" line="97"><counter type="INSTRUCTION" missed="0" covered="3"/><counter type="LINE" missed="0" covered="1"/><counter type="COMPLEXITY" missed="0" covered="1"/><counter type="METHOD" missed="0" covered="1"/></method><method name="peek" desc="()Ljava/lang/Object;" line="107"><counter type="INSTRUCTION" missed="0" covered="12"/><counter type="BRANCH" missed="0" covered="2"/><counter type="LINE" missed="0" covered="3"/><counter type="COMPLEXITY" missed="0" covered="2"/><counter type="METHOD" missed="0" covered="1"/></method><method name="enqueue" desc="(Ljava/lang/Object;)V" line="117"><counter type="INSTRUCTION" missed="0" covered="50"/><counter type="BRANCH" missed="0" covered="4"/><counter type="LINE" missed="0" covered="11"/><counter type="COMPLEXITY" missed="0" covered="3"/><counter type="METHOD" missed="0" covered="1"/></method><method name="dequeue" desc="()Ljava/lang/Object;" line="148"><counter type="INSTRUCTION" missed="0" covered="23"/><counter type="BRANCH" missed="0" covered="2"/><counter type="LINE" missed="0" covered="6"/><counter type="COMPLEXITY" missed="0" covered="2"/><counter type="METHOD" missed="0" covered="1"/></method><method name="toString" desc="()Ljava/lang/String;" line="162"><counter type="INSTRUCTION" missed="28" covered="0"/><counter type="BRANCH" missed="2" covered="0"/><counter type="LINE" missed="4" covered="0"/><counter type="COMPLEXITY" missed="2" covered="0"/><counter type="METHOD" missed="1" covered="0"/></method><method name="removeAll" desc="()V" line="172"><counter type="INSTRUCTION" missed="0" covered="8"/><counter type="BRANCH" missed="0" covered="2"/><counter type="LINE" missed="0" covered="3"/><counter type="COMPLEXITY" missed="0" covered="2"/><counter type="METHOD" missed="0" covered="1"/></method><method name="iterator" desc="()Ljava/util/Iterator;" line="184"><counter type="INSTRUCTION" missed="6" covered="0"/><counter type="LINE" missed="1" covered="0"/><counter type="COMPLEXITY" missed="1" covered="0"/><counter type="METHOD" missed="1" covered="0"/></method><method name="main" desc="([Ljava/lang/String;)V" line="212"><counter type="INSTRUCTION" missed="10" covered="0"/><counter type="LINE" missed="3" covered="0"/><counter type="COMPLEXITY" missed="1" covered="0"/><counter type="METHOD" missed="1" covered="0"/></method><counter type="INSTRUCTION" missed="44" covered="136"/><counter type="BRANCH" missed="2" covered="12"/><counter type="LINE" missed="8" covered="38"/><counter type="COMPLEXITY" missed="4" covered="15"/><counter type="METHOD" missed="3" covered="9"/><counter type="CLASS" missed="0" covered="1"/></class><class name="SampleQueue/Queue$ListIterator" sourcefilename="Queue.java"><method name="&lt;init&gt;" desc="(LSampleQueue/Queue;)V" line="188"><counter type="INSTRUCTION" missed="11" covered="0"/><counter type="LINE" missed="2" covered="0"/><counter type="COMPLEXITY" missed="1" covered="0"/><counter type="METHOD" missed="1" covered="0"/></method><method name="hasNext" desc="()Z" line="192"><counter type="INSTRUCTION" missed="7" covered="0"/><counter type="BRANCH" missed="2" covered="0"/><counter type="LINE" missed="1" covered="0"/><counter type="COMPLEXITY" missed="2" covered="0"/><counter type="METHOD" missed="1" covered="0"/></method><method name="remove" desc="()V" line="196"><counter type="INSTRUCTION" missed="4" covered="0"/><counter type="LINE" missed="1" covered="0"/><counter type="COMPLEXITY" missed="1" covered="0"/><counter type="METHOD" missed="1" covered="0"/></method><method name="next" desc="()Ljava/lang/Object;" line="200"><counter type="INSTRUCTION" missed="18" covered="0"/><counter type="BRANCH" missed="2" covered="0"/><counter type="LINE" missed="5" covered="0"/><counter type="COMPLEXITY" missed="2" covered="0"/><counter type="METHOD" missed="1" covered="0"/></method><counter type="INSTRUCTION" missed="40" covered="0"/><counter type="BRANCH" missed="4" covered="0"/><counter type="LINE" missed="9" covered="0"/><counter type="COMPLEXITY" missed="6" covered="0"/><counter type="METHOD" missed="4" covered="0"/><counter type="CLASS" missed="1" covered="0"/></class><sourcefile name="Queue.java"><line nr="47" mi="0" ci="6" mb="0" cb="0"/><line nr="55" mi="0" ci="2" mb="0" cb="0"/><line nr="56" mi="0" ci="3" mb="0" cb="0"/><line nr="57" mi="0" ci="3" mb="0" cb="0"/><line nr="58" mi="0" ci="3" mb="0" cb="0"/><line nr="59" mi="0" ci="3" mb="0" cb="0"/><line nr="60" mi="0" ci="1" mb="0" cb="0"/><line nr="66" mi="0" ci="2" mb="0" cb="0"/><line nr="67" mi="0" ci="3" mb="0" cb="0"/><line nr="68" mi="0" ci="3" mb="0" cb="0"/><line nr="69" mi="0" ci="3" mb="0" cb="0"/><line nr="70" mi="0" ci="3" mb="0" cb="0"/><line nr="71" mi="0" ci="1" mb="0" cb="0"/><line nr="79" mi="0" ci="7" mb="0" cb="2"/><line nr="88" mi="0" ci="3" mb="0" cb="0"/><line nr="97" mi="0" ci="3" mb="0" cb="0"/><line nr="107" mi="0" ci="3" mb="0" cb="2"/><line nr="108" mi="0" ci="5" mb="0" cb="0"/><line nr="109" mi="0" ci="4" mb="0" cb="0"/><line nr="117" mi="0" ci="5" mb="0" cb="2"/><line nr="118" mi="0" ci="5" mb="0" cb="0"/><line nr="119" mi="0" ci="3" mb="0" cb="0"/><line nr="120" mi="0" ci="7" mb="0" cb="0"/><line nr="121" mi="0" ci="5" mb="0" cb="0"/><line nr="122" mi="0" ci="5" mb="0" cb="0"/><line nr="123" mi="0" ci="3" mb="0" cb="2"/><line nr="124" mi="0" ci="5" mb="0" cb="0"/><line nr="126" mi="0" ci="5" mb="0" cb="0"/><line nr="127" mi="0" ci="6" mb="0" cb="0"/><line nr="128" mi="0" ci="1" mb="0" cb="0"/><line nr="148" mi="0" ci="4" mb="0" cb="0"/><line nr="149" mi="0" ci="5" mb="0" cb="0"/><line nr="150" mi="0" ci="6" mb="0" cb="0"/><line nr="151" mi="0" ci="3" mb="0" cb="2"/><line nr="152" mi="0" ci="3" mb="0" cb="0"/><line nr="153" mi="0" ci="2" mb="0" cb="0"/><line nr="162" mi="4" ci="0" mb="0" cb="0"/><line nr="163" mi="9" ci="0" mb="2" cb="0"/><line nr="164" mi="12" ci="0" mb="0" cb="0"/><line nr="165" mi="3" ci="0" mb="0" cb="0"/><line nr="172" mi="0" ci="3" mb="0" cb="2"/><line nr="173" mi="0" ci="4" mb="0" cb="0"/><line nr="176" mi="0" ci="1" mb="0" cb="0"/><line nr="184" mi="6" ci="0" mb="0" cb="0"/><line nr="188" mi="5" ci="0" mb="0" cb="0"/><line nr="189" mi="6" ci="0" mb="0" cb="0"/><line nr="192" mi="7" ci="0" mb="2" cb="0"/><line nr="196" mi="4" ci="0" mb="0" cb="0"/><line nr="200" mi="3" ci="0" mb="2" cb="0"/><line nr="201" mi="4" ci="0" mb="0" cb="0"/><line nr="202" mi="4" ci="0" mb="0" cb="0"/><line nr="203" mi="5" ci="0" mb="0" cb="0"/><line nr="204" mi="2" ci="0" mb="0" cb="0"/><line nr="212" mi="4" ci="0" mb="0" cb="0"/><line nr="214" mi="5" ci="0" mb="0" cb="0"/><line nr="217" mi="1" ci="0" mb="0" cb="0"/><counter type="INSTRUCTION" missed="84" covered="142"/><counter type="BRANCH" missed="6" covered="12"/><counter type="LINE" missed="17" covered="39"/><counter type="COMPLEXITY" missed="10" covered="16"/><counter type="METHOD" missed="7" covered="10"/><counter type="CLASS" missed="1" covered="2"/></sourcefile><counter type="INSTRUCTION" missed="84" covered="142"/><counter type="BRANCH" missed="6" covered="12"/><counter type="LINE" missed="17" covered="39"/><counter type="COMPLEXITY" missed="10" covered="16"/><counter type="METHOD" missed="7" covered="10"/><counter type="CLASS" missed="1" covered="2"/></package><counter type="INSTRUCTION" missed="84" covered="142"/><counter type="BRANCH" missed="6" covered="12"/><counter type="LINE" missed="17" covered="39"/><counter type="COMPLEXITY" missed="10" covered="16"/><counter type="METHOD" missed="7" covered="10"/><counter type="CLASS" missed="1" covered="2"/></report>