<?xml version="1.0" encoding="UTF-8"?>
<testsuite xmlns:xsi="http://www.w3.org/2001/XMLSchema-instance" xsi:noNamespaceSchemaLocation="https://maven.apache.org/surefire/maven-surefire-plugin/xsd/surefire-test-report.xsd" name="MyQueue.QueueTest" time="0.016" tests="9" errors="0" skipped="0" failures="0">
  <properties>
[...]
</properties>
  <testcase name="peekShowFirstItemForNonEmptyQueue" classname="MyQueue.QueueTest" time="0.009"/>
  <testcase name="sizeShowsNumberOfItemsInQueue" classname="MyQueue.QueueTest" time="0"/>
  <testcase name="removeAllItemsOfQueue" classname="MyQueue.QueueTest" time="0.001"/>
  <testcase name="enqueueAddsLastElementIfPreviouslyNotEmpty" classname="MyQueue.QueueTest" time="0.001"/>
  <testcase name="lengthShowsNumberOfItemsInQueue" classname="MyQueue.QueueTest" time="0"/>
  <testcase name="isEmptyShouldGiveTrueOnQueueInit" classname="MyQueue.QueueTest" time="0"/>
  <testcase name="enqueueAddsFirstElementIfPreviouslyEmpty" classname="MyQueue.QueueTest" time="0"/>
  <testcase name="peekThrowsExceptionOnEmpty" classname="MyQueue.QueueTest" time="0"/>
  <testcase name="enqueueThrowsErrorWhenMaxLengthExceeded" classname="MyQueue.QueueTest" time="0"/>
</testsuite>