<?xml version="1.0" encoding="UTF-8"?>
<testsuite xmlns:xsi="http://www.w3.org/2001/XMLSchema-instance" xsi:noNamespaceSchemaLocation="https://maven.apache.org/surefire/maven-surefire-plugin/xsd/surefire-test-report.xsd" name="SampleQueue.QueueTest" time="0.025" tests="11" errors="0" skipped="0" failures="1">
  <properties>
[...]
</properties>
  <testcase name="peekShowFirstItemForNonEmptyQueue" classname="SampleQueue.QueueTest" time="0.01"/>
  <testcase name="sizeShowsNumberOfItemsInQueue" classname="SampleQueue.QueueTest" time="0"/>
  <testcase name="removeAllItemsOfQueue" classname="SampleQueue.QueueTest" time="0.001"/>
  <testcase name="enqueueAddsLastElementIfPreviouslyNotEmpty" classname="SampleQueue.QueueTest" time="0.001"/>
  <testcase name="lengthShowsNumberOfItemsInQueue" classname="SampleQueue.QueueTest" time="0.001"/>
  <testcase name="isEmptyShouldGiveTrueOnQueueInit" classname="SampleQueue.QueueTest" time="0"/>
  <testcase name="enqueueAddsFirstElementIfPreviouslyEmpty" classname="SampleQueue.QueueTest" time="0.001"/>
  <testcase name="peekThrowsExceptionOnEmpty" classname="SampleQueue.QueueTest" time="0.001"/>
  <testcase name="dequeueRemoveElementsFromQueue" classname="SampleQueue.QueueTest" time="0"/>
  <testcase name="dequeueThrowsNoSuchElementExceptionWhenAppliedOnNonEmptyQueue" classname="SampleQueue.QueueTest" time="0.007">
    <failure message="Unexpected exception type thrown ==&gt; expected: &lt;java.util.NoSuchElementException&gt; but was: &lt;java.lang.NullPointerException&gt;" type="org.opentest4j.AssertionFailedError"><![CDATA[org.opentest4j.AssertionFailedError: Unexpected exception type thrown ==> expected: <java.util.NoSuchElementException> but was: <java.lang.NullPointerException>
	at SampleQueue.QueueTest.dequeueThrowsNoSuchElementExceptionWhenAppliedOnNonEmptyQueue(QueueTest.java:71)
Caused by: java.lang.NullPointerException: Cannot read field "item" because "x0" is null
	at SampleQueue.QueueTest.lambda$1(QueueTest.java:71)
	at SampleQueue.QueueTest.dequeueThrowsNoSuchElementExceptionWhenAppliedOnNonEmptyQueue(QueueTest.java:71)
]]></failure>
  </testcase>
  <testcase name="enqueueThrowsErrorWhenMaxLengthExceeded" classname="SampleQueue.QueueTest" time="0"/>
</testsuite>